Using pre-set license
Built from '2020.3/staging' branch; Version is '2020.3.5f1 (8095aa901b9b) revision 8426922'; Using compiler version '192528614'; Build Type 'Release'
OS: 'Windows 10 Pro; OS build 19042.964; Version 2009; 64bit' Language: 'pt' Physical Memory: 8174 MB
BatchMode: 1, IsHumanControllingUs: 0, StartBugReporterOnCrash: 0, Is64bit: 1, IsPro: 0

 COMMAND LINE ARGUMENTS:
D:\Program Files\Unity\Editor\Unity.exe
-adb2
-batchMode
-noUpm
-name
AssetImportWorker0
-projectPath
D:/Documentos/GitHub/dr/New Unity Project
-logFile
Logs/AssetImportWorker0.log
-srvPort
58792
Successfully changed project path to: D:/Documentos/GitHub/dr/New Unity Project
D:/Documentos/GitHub/dr/New Unity Project
Using Asset Import Pipeline V2.
Refreshing native plugins compatible for Editor in 42.45 ms, found 0 plugins.
Preloading 0 native plugins for Editor in 0.00 ms.
Initialize engine version: 2020.3.5f1 (8095aa901b9b)
[Subsystems] Discovering subsystems at path D:/Program Files/Unity/Editor/Data/Resources/UnitySubsystems
[Subsystems] Discovering subsystems at path D:/Documentos/GitHub/dr/New Unity Project/Assets
GfxDevice: creating device client; threaded=0
Direct3D:
    Version:  Direct3D 11.0 [level 11.1]
    Renderer: NVIDIA GeForce GTX 1050 Ti (ID=0x1c82)
    Vendor:   
    VRAM:     4018 MB
    Driver:   27.21.14.5671
Initialize mono
Mono path[0] = 'D:/Program Files/Unity/Editor/Data/Managed'
Mono path[1] = 'D:/Program Files/Unity/Editor/Data/MonoBleedingEdge/lib/mono/unityjit'
Mono config path = 'D:/Program Files/Unity/Editor/Data/MonoBleedingEdge/etc'
Using monoOptions --debugger-agent=transport=dt_socket,embedding=1,server=y,suspend=n,address=127.0.0.1:56644
Begin MonoManager ReloadAssembly
Registering precompiled unity dll's ...
Register platform support module: D:/Program Files/Unity/Editor/Data/PlaybackEngines/WindowsStandaloneSupport/UnityEditor.WindowsStandalone.Extensions.dll
Registered in 0.007034 seconds.
Native extension for WindowsStandalone target not found
Refreshing native plugins compatible for Editor in 47.80 ms, found 0 plugins.
Preloading 0 native plugins for Editor in 0.00 ms.
Mono: successfully reloaded assembly
- Completed reload, in  2.257 seconds
Platform modules already initialized, skipping
Registering precompiled user dll's ...
Registered in 0.001707 seconds.
Begin MonoManager ReloadAssembly
Native extension for WindowsStandalone target not found
Refreshing native plugins compatible for Editor in 0.33 ms, found 0 plugins.
Preloading 0 native plugins for Editor in 0.00 ms.
Mono: successfully reloaded assembly
- Completed reload, in  1.598 seconds
Platform modules already initialized, skipping
========================================================================
Worker process is ready to serve import requests
Launched and connected shader compiler UnityShaderCompiler.exe after 0.06 seconds
Refreshing native plugins compatible for Editor in 0.35 ms, found 0 plugins.
Preloading 0 native plugins for Editor in 0.00 ms.
Unloading 1122 Unused Serialized files (Serialized files now loaded: 0)
System memory in use before: 70.0 MB.
System memory in use after: 70.0 MB.

Unloading 10 unused Assets to reduce memory usage. Loaded Objects now: 1583.
Total: 2.471100 ms (FindLiveObjects: 0.297200 ms CreateObjectMapping: 0.071300 ms MarkObjects: 1.964300 ms  DeleteObjects: 0.136600 ms)

========================================================================
Received Import Request.
  path: Assets/recursos/imagens
  artifactKey: Guid(dc07fe504bbf4e7bbe5cb9112f9b7cfb) Importer(815301076,1909f56bfc062723c751e8b465ee728b)
Start importing Assets/recursos/imagens using Guid(dc07fe504bbf4e7bbe5cb9112f9b7cfb) Importer(815301076,1909f56bfc062723c751e8b465ee728b)  -> (artifact id: '335f0a3e43a2a466f571a79817310a03') in 0.012397 seconds
  Import took 0.015225 seconds .

========================================================================
Received Prepare
Registering precompiled user dll's ...
Registered in 0.003843 seconds.
Begin MonoManager ReloadAssembly
Native extension for WindowsStandalone target not found
Refreshing native plugins compatible for Editor in 0.32 ms, found 0 plugins.
Preloading 0 native plugins for Editor in 0.00 ms.
Mono: successfully reloaded assembly
- Completed reload, in  1.435 seconds
Platform modules already initialized, skipping
Refreshing native plugins compatible for Editor in 0.32 ms, found 0 plugins.
Preloading 0 native plugins for Editor in 0.00 ms.
Unloading 1117 Unused Serialized files (Serialized files now loaded: 0)
System memory in use before: 69.9 MB.
System memory in use after: 70.0 MB.

Unloading 5 unused Assets to reduce memory usage. Loaded Objects now: 1586.
Total: 3.896000 ms (FindLiveObjects: 1.085300 ms CreateObjectMapping: 0.090400 ms MarkObjects: 2.581100 ms  DeleteObjects: 0.135400 ms)

========================================================================
Received Prepare
Registering precompiled user dll's ...
Registered in 0.001655 seconds.
Begin MonoManager ReloadAssembly
Native extension for WindowsStandalone target not found
Refreshing native plugins compatible for Editor in 0.32 ms, found 0 plugins.
Preloading 0 native plugins for Editor in 0.00 ms.
Mono: successfully reloaded assembly
- Completed reload, in  1.329 seconds
Platform modules already initialized, skipping
Refreshing native plugins compatible for Editor in 0.32 ms, found 0 plugins.
Preloading 0 native plugins for Editor in 0.00 ms.
Unloading 1117 Unused Serialized files (Serialized files now loaded: 0)
System memory in use before: 69.9 MB.
System memory in use after: 70.0 MB.

Unloading 5 unused Assets to reduce memory usage. Loaded Objects now: 1589.
Total: 2.488500 ms (FindLiveObjects: 0.299400 ms CreateObjectMapping: 0.073500 ms MarkObjects: 2.014700 ms  DeleteObjects: 0.099100 ms)

========================================================================
Received Prepare
Registering precompiled user dll's ...
Registered in 0.001735 seconds.
Begin MonoManager ReloadAssembly
Native extension for WindowsStandalone target not found
Refreshing native plugins compatible for Editor in 0.52 ms, found 0 plugins.
Preloading 0 native plugins for Editor in 0.00 ms.
Mono: successfully reloaded assembly
- Completed reload, in  4.904 seconds
Platform modules already initialized, skipping
Refreshing native plugins compatible for Editor in 0.78 ms, found 0 plugins.
Preloading 0 native plugins for Editor in 0.00 ms.
Unloading 1117 Unused Serialized files (Serialized files now loaded: 0)
System memory in use before: 70.0 MB.
System memory in use after: 70.0 MB.

Unloading 5 unused Assets to reduce memory usage. Loaded Objects now: 1592.
Total: 9.415400 ms (FindLiveObjects: 2.637300 ms CreateObjectMapping: 0.123100 ms MarkObjects: 6.514400 ms  DeleteObjects: 0.137600 ms)

========================================================================
Received Prepare
Registering precompiled user dll's ...
Registered in 0.001583 seconds.
Begin MonoManager ReloadAssembly
Native extension for WindowsStandalone target not found
Refreshing native plugins compatible for Editor in 0.33 ms, found 0 plugins.
Preloading 0 native plugins for Editor in 0.00 ms.
Mono: successfully reloaded assembly
- Completed reload, in  1.364 seconds
Platform modules already initialized, skipping
Refreshing native plugins compatible for Editor in 0.31 ms, found 0 plugins.
Preloading 0 native plugins for Editor in 0.00 ms.
Unloading 1117 Unused Serialized files (Serialized files now loaded: 0)
System memory in use before: 70.0 MB.
System memory in use after: 70.0 MB.

Unloading 5 unused Assets to reduce memory usage. Loaded Objects now: 1595.
Total: 2.295100 ms (FindLiveObjects: 0.261400 ms CreateObjectMapping: 0.072800 ms MarkObjects: 1.866600 ms  DeleteObjects: 0.093200 ms)

========================================================================
Received Import Request.
  Time since last request: 11312.105106 seconds.
  path: Assets/recursos/prefabs
  artifactKey: Guid(c1df0b0680734d34baf6bf7f171758b7) Importer(815301076,1909f56bfc062723c751e8b465ee728b)
Start importing Assets/recursos/prefabs using Guid(c1df0b0680734d34baf6bf7f171758b7) Importer(815301076,1909f56bfc062723c751e8b465ee728b)  -> (artifact id: '1d86d625f588fa58786a30e62aa02bad') in 0.020748 seconds
  Import took 0.024083 seconds .

========================================================================
Received Import Request.
  Time since last request: 6.895477 seconds.
  path: Assets/recursos/prefabs/personagens
  artifactKey: Guid(78b537ddf8f71844abc69244747fe3cf) Importer(815301076,1909f56bfc062723c751e8b465ee728b)
Start importing Assets/recursos/prefabs/personagens using Guid(78b537ddf8f71844abc69244747fe3cf) Importer(815301076,1909f56bfc062723c751e8b465ee728b)  -> (artifact id: '6a56ca19341f5a9e9e3ec0fb902d3978') in 0.033217 seconds
  Import took 0.035941 seconds .

========================================================================
Received Prepare
Registering precompiled user dll's ...
Registered in 0.002772 seconds.
Begin MonoManager ReloadAssembly
Native extension for WindowsStandalone target not found
Refreshing native plugins compatible for Editor in 0.36 ms, found 0 plugins.
Preloading 0 native plugins for Editor in 0.00 ms.
Mono: successfully reloaded assembly
- Completed reload, in  2.272 seconds
Platform modules already initialized, skipping
Refreshing native plugins compatible for Editor in 0.34 ms, found 0 plugins.
Preloading 0 native plugins for Editor in 0.00 ms.
Unloading 1117 Unused Serialized files (Serialized files now loaded: 0)
System memory in use before: 70.0 MB.
System memory in use after: 70.1 MB.

Unloading 5 unused Assets to reduce memory usage. Loaded Objects now: 1598.
Total: 3.619500 ms (FindLiveObjects: 0.309600 ms CreateObjectMapping: 0.071500 ms MarkObjects: 3.065900 ms  DeleteObjects: 0.170000 ms)

========================================================================
Received Prepare
Registering precompiled user dll's ...
Registered in 0.001874 seconds.
Begin MonoManager ReloadAssembly
Native extension for WindowsStandalone target not found
Refreshing native plugins compatible for Editor in 0.40 ms, found 0 plugins.
Preloading 0 native plugins for Editor in 0.00 ms.
Mono: successfully reloaded assembly
- Completed reload, in  1.512 seconds
Platform modules already initialized, skipping
Refreshing native plugins compatible for Editor in 0.40 ms, found 0 plugins.
Preloading 0 native plugins for Editor in 0.00 ms.
Unloading 1117 Unused Serialized files (Serialized files now loaded: 0)
System memory in use before: 70.0 MB.
System memory in use after: 70.1 MB.

Unloading 5 unused Assets to reduce memory usage. Loaded Objects now: 1601.
Total: 2.719100 ms (FindLiveObjects: 0.322200 ms CreateObjectMapping: 0.070500 ms MarkObjects: 2.170800 ms  DeleteObjects: 0.152100 ms)

========================================================================
Received Prepare
Registering precompiled user dll's ...
Registered in 0.001417 seconds.
Begin MonoManager ReloadAssembly
Native extension for WindowsStandalone target not found
Refreshing native plugins compatible for Editor in 0.31 ms, found 0 plugins.
Preloading 0 native plugins for Editor in 0.00 ms.
Mono: successfully reloaded assembly
- Completed reload, in  1.512 seconds
Platform modules already initialized, skipping
Refreshing native plugins compatible for Editor in 0.32 ms, found 0 plugins.
Preloading 0 native plugins for Editor in 0.00 ms.
Unloading 1117 Unused Serialized files (Serialized files now loaded: 0)
System memory in use before: 70.0 MB.
System memory in use after: 70.1 MB.

Unloading 5 unused Assets to reduce memory usage. Loaded Objects now: 1604.
Total: 6.982800 ms (FindLiveObjects: 0.323100 ms CreateObjectMapping: 0.094300 ms MarkObjects: 6.425800 ms  DeleteObjects: 0.137800 ms)

========================================================================
Received Prepare
Registering precompiled user dll's ...
Registered in 0.001605 seconds.
Begin MonoManager ReloadAssembly
Native extension for WindowsStandalone target not found
Refreshing native plugins compatible for Editor in 0.32 ms, found 0 plugins.
Preloading 0 native plugins for Editor in 0.00 ms.
Mono: successfully reloaded assembly
- Completed reload, in  1.431 seconds
Platform modules already initialized, skipping
Refreshing native plugins compatible for Editor in 0.35 ms, found 0 plugins.
Preloading 0 native plugins for Editor in 0.00 ms.
Unloading 1118 Unused Serialized files (Serialized files now loaded: 0)
System memory in use before: 70.0 MB.
System memory in use after: 70.1 MB.

Unloading 5 unused Assets to reduce memory usage. Loaded Objects now: 1608.
Total: 2.259700 ms (FindLiveObjects: 0.234000 ms CreateObjectMapping: 0.065500 ms MarkObjects: 1.867000 ms  DeleteObjects: 0.091800 ms)

AssetImportWorkerClient::OnTransportError - code=2 error=End of file
