Using pre-set license
Built from '2020.3/staging' branch; Version is '2020.3.5f1 (8095aa901b9b) revision 8426922'; Using compiler version '192528614'; Build Type 'Release'
OS: 'Windows 10 Pro; OS build 19042.964; Version 2009; 64bit' Language: 'pt' Physical Memory: 8174 MB
BatchMode: 1, IsHumanControllingUs: 0, StartBugReporterOnCrash: 0, Is64bit: 1, IsPro: 0

 COMMAND LINE ARGUMENTS:
D:\Program Files\Unity\Editor\Unity.exe
-adb2
-batchMode
-noUpm
-name
AssetImportWorker4
-projectPath
D:/Documentos/GitHub/dr/New Unity Project
-logFile
Logs/AssetImportWorker4.log
-srvPort
63933
Successfully changed project path to: D:/Documentos/GitHub/dr/New Unity Project
D:/Documentos/GitHub/dr/New Unity Project
Using Asset Import Pipeline V2.
Refreshing native plugins compatible for Editor in 44.17 ms, found 0 plugins.
Preloading 0 native plugins for Editor in 0.00 ms.
Initialize engine version: 2020.3.5f1 (8095aa901b9b)
[Subsystems] Discovering subsystems at path D:/Program Files/Unity/Editor/Data/Resources/UnitySubsystems
[Subsystems] Discovering subsystems at path D:/Documentos/GitHub/dr/New Unity Project/Assets
GfxDevice: creating device client; threaded=0
Direct3D:
    Version:  Direct3D 11.0 [level 11.1]
    Renderer: NVIDIA GeForce GTX 1050 Ti (ID=0x1c82)
    Vendor:   
    VRAM:     4018 MB
    Driver:   27.21.14.5671
Initialize mono
Mono path[0] = 'D:/Program Files/Unity/Editor/Data/Managed'
Mono path[1] = 'D:/Program Files/Unity/Editor/Data/MonoBleedingEdge/lib/mono/unityjit'
Mono config path = 'D:/Program Files/Unity/Editor/Data/MonoBleedingEdge/etc'
Using monoOptions --debugger-agent=transport=dt_socket,embedding=1,server=y,suspend=n,address=127.0.0.1:56280
Begin MonoManager ReloadAssembly
Registering precompiled unity dll's ...
Register platform support module: D:/Program Files/Unity/Editor/Data/PlaybackEngines/WindowsStandaloneSupport/UnityEditor.WindowsStandalone.Extensions.dll
Registered in 0.006897 seconds.
Native extension for WindowsStandalone target not found
Refreshing native plugins compatible for Editor in 42.90 ms, found 0 plugins.
Preloading 0 native plugins for Editor in 0.00 ms.
Mono: successfully reloaded assembly
- Completed reload, in  2.076 seconds
Platform modules already initialized, skipping
Registering precompiled user dll's ...
Registered in 0.001508 seconds.
Begin MonoManager ReloadAssembly
Native extension for WindowsStandalone target not found
Refreshing native plugins compatible for Editor in 0.36 ms, found 0 plugins.
Preloading 0 native plugins for Editor in 0.00 ms.
Mono: successfully reloaded assembly
- Completed reload, in  1.662 seconds
Platform modules already initialized, skipping
========================================================================
Worker process is ready to serve import requests
Launched and connected shader compiler UnityShaderCompiler.exe after 0.38 seconds
Refreshing native plugins compatible for Editor in 0.37 ms, found 0 plugins.
Preloading 0 native plugins for Editor in 0.00 ms.
Unloading 1118 Unused Serialized files (Serialized files now loaded: 0)
System memory in use before: 69.2 MB.
System memory in use after: 69.3 MB.

Unloading 10 unused Assets to reduce memory usage. Loaded Objects now: 1574.
Total: 3.244500 ms (FindLiveObjects: 0.268500 ms CreateObjectMapping: 0.070400 ms MarkObjects: 2.734000 ms  DeleteObjects: 0.170100 ms)

========================================================================
Received Import Request.
  path: Assets/imagens/ui/cursor/danganronpa_monokuma_1120.png
  artifactKey: Guid(fba7aa37013227640950879f18466f6d) Importer(815301076,1909f56bfc062723c751e8b465ee728b)
Start importing Assets/imagens/ui/cursor/danganronpa_monokuma_1120.png using Guid(fba7aa37013227640950879f18466f6d) Importer(815301076,1909f56bfc062723c751e8b465ee728b)  -> (artifact id: '9fd2da5a8ab8c34994ee3e8fc9fe779a') in 0.374678 seconds
  Import took 0.378455 seconds .

========================================================================
Received Prepare
Registering precompiled user dll's ...
Registered in 0.001586 seconds.
Begin MonoManager ReloadAssembly
Native extension for WindowsStandalone target not found
Refreshing native plugins compatible for Editor in 0.33 ms, found 0 plugins.
Preloading 0 native plugins for Editor in 0.00 ms.
Mono: successfully reloaded assembly
- Completed reload, in  1.606 seconds
Platform modules already initialized, skipping
Refreshing native plugins compatible for Editor in 0.31 ms, found 0 plugins.
Preloading 0 native plugins for Editor in 0.00 ms.
Unloading 1113 Unused Serialized files (Serialized files now loaded: 0)
System memory in use before: 69.2 MB.
System memory in use after: 69.3 MB.

Unloading 5 unused Assets to reduce memory usage. Loaded Objects now: 1579.
Total: 2.790300 ms (FindLiveObjects: 0.375700 ms CreateObjectMapping: 0.077800 ms MarkObjects: 2.231600 ms  DeleteObjects: 0.103000 ms)

========================================================================
Received Prepare
Registering precompiled user dll's ...
Registered in 0.002362 seconds.
Begin MonoManager ReloadAssembly
Native extension for WindowsStandalone target not found
Refreshing native plugins compatible for Editor in 0.32 ms, found 0 plugins.
Preloading 0 native plugins for Editor in 0.00 ms.
Mono: successfully reloaded assembly
- Completed reload, in  1.458 seconds
Platform modules already initialized, skipping
Refreshing native plugins compatible for Editor in 0.36 ms, found 0 plugins.
Preloading 0 native plugins for Editor in 0.00 ms.
Unloading 1113 Unused Serialized files (Serialized files now loaded: 0)
System memory in use before: 69.2 MB.
System memory in use after: 69.3 MB.

Unloading 5 unused Assets to reduce memory usage. Loaded Objects now: 1582.
Total: 2.251900 ms (FindLiveObjects: 0.252000 ms CreateObjectMapping: 0.064000 ms MarkObjects: 1.846000 ms  DeleteObjects: 0.088700 ms)

========================================================================
Received Prepare
Registering precompiled user dll's ...
Registered in 0.001801 seconds.
Begin MonoManager ReloadAssembly
Native extension for WindowsStandalone target not found
Refreshing native plugins compatible for Editor in 0.34 ms, found 0 plugins.
Preloading 0 native plugins for Editor in 0.00 ms.
Mono: successfully reloaded assembly
- Completed reload, in  1.396 seconds
Platform modules already initialized, skipping
Refreshing native plugins compatible for Editor in 0.32 ms, found 0 plugins.
Preloading 0 native plugins for Editor in 0.00 ms.
Unloading 1113 Unused Serialized files (Serialized files now loaded: 0)
System memory in use before: 69.2 MB.
System memory in use after: 69.3 MB.

Unloading 5 unused Assets to reduce memory usage. Loaded Objects now: 1585.
Total: 2.397300 ms (FindLiveObjects: 0.307500 ms CreateObjectMapping: 0.065000 ms MarkObjects: 1.942700 ms  DeleteObjects: 0.080300 ms)

========================================================================
Received Prepare
Registering precompiled user dll's ...
Registered in 0.001503 seconds.
Begin MonoManager ReloadAssembly
Native extension for WindowsStandalone target not found
Refreshing native plugins compatible for Editor in 0.50 ms, found 0 plugins.
Preloading 0 native plugins for Editor in 0.00 ms.
Mono: successfully reloaded assembly
- Completed reload, in  1.590 seconds
Platform modules already initialized, skipping
Refreshing native plugins compatible for Editor in 0.31 ms, found 0 plugins.
Preloading 0 native plugins for Editor in 0.00 ms.
Unloading 1113 Unused Serialized files (Serialized files now loaded: 0)
System memory in use before: 69.2 MB.
System memory in use after: 69.3 MB.

Unloading 5 unused Assets to reduce memory usage. Loaded Objects now: 1588.
Total: 2.185700 ms (FindLiveObjects: 0.241400 ms CreateObjectMapping: 0.062000 ms MarkObjects: 1.797600 ms  DeleteObjects: 0.082900 ms)

========================================================================
Received Prepare
Registering precompiled user dll's ...
Registered in 0.002637 seconds.
Begin MonoManager ReloadAssembly
Native extension for WindowsStandalone target not found
Refreshing native plugins compatible for Editor in 0.34 ms, found 0 plugins.
Preloading 0 native plugins for Editor in 0.00 ms.
Mono: successfully reloaded assembly
- Completed reload, in  1.604 seconds
Platform modules already initialized, skipping
Refreshing native plugins compatible for Editor in 0.37 ms, found 0 plugins.
Preloading 0 native plugins for Editor in 0.00 ms.
Unloading 1113 Unused Serialized files (Serialized files now loaded: 0)
System memory in use before: 69.3 MB.
System memory in use after: 69.3 MB.

Unloading 5 unused Assets to reduce memory usage. Loaded Objects now: 1591.
Total: 3.311400 ms (FindLiveObjects: 0.407900 ms CreateObjectMapping: 0.079800 ms MarkObjects: 2.693200 ms  DeleteObjects: 0.127000 ms)

========================================================================
Received Prepare
Registering precompiled user dll's ...
Registered in 0.002430 seconds.
Begin MonoManager ReloadAssembly
Native extension for WindowsStandalone target not found
Refreshing native plugins compatible for Editor in 0.32 ms, found 0 plugins.
Preloading 0 native plugins for Editor in 0.00 ms.
Mono: successfully reloaded assembly
- Completed reload, in  1.510 seconds
Platform modules already initialized, skipping
Refreshing native plugins compatible for Editor in 0.45 ms, found 0 plugins.
Preloading 0 native plugins for Editor in 0.00 ms.
Unloading 1113 Unused Serialized files (Serialized files now loaded: 0)
System memory in use before: 69.1 MB.
System memory in use after: 69.2 MB.

Unloading 5 unused Assets to reduce memory usage. Loaded Objects now: 1594.
Total: 2.740400 ms (FindLiveObjects: 0.467700 ms CreateObjectMapping: 0.104200 ms MarkObjects: 2.073300 ms  DeleteObjects: 0.093100 ms)

========================================================================
Received Import Request.
  Time since last request: 853.293809 seconds.
  path: Assets/imagens/ui/cursor/cursor_normal.jpg
  artifactKey: Guid(1cc54a1ddb0026042a4cfa210434599a) Importer(815301076,1909f56bfc062723c751e8b465ee728b)
Start importing Assets/imagens/ui/cursor/cursor_normal.jpg using Guid(1cc54a1ddb0026042a4cfa210434599a) Importer(815301076,1909f56bfc062723c751e8b465ee728b)  -> (artifact id: '33eb99226d34508ae4e622f443e5fc11') in 0.067735 seconds
  Import took 0.081485 seconds .

========================================================================
Received Import Request.
  Time since last request: 0.000360 seconds.
  path: Assets/imagens/ui/cursor/danganronpa_monokuma_1120.png
  artifactKey: Guid(fba7aa37013227640950879f18466f6d) Importer(815301076,1909f56bfc062723c751e8b465ee728b)
Start importing Assets/imagens/ui/cursor/danganronpa_monokuma_1120.png using Guid(fba7aa37013227640950879f18466f6d) Importer(815301076,1909f56bfc062723c751e8b465ee728b)  -> (artifact id: '29dacdecc3c70cc1465255999fe2c17b') in 0.025289 seconds
  Import took 0.028179 seconds .

========================================================================
Received Import Request.
  Time since last request: 0.004149 seconds.
  path: Assets/imagens/ui/cursor/danganronpa_monokuma_1120.png
  artifactKey: Guid(fba7aa37013227640950879f18466f6d) Importer(815301076,1909f56bfc062723c751e8b465ee728b)
Start importing Assets/imagens/ui/cursor/danganronpa_monokuma_1120.png using Guid(fba7aa37013227640950879f18466f6d) Importer(815301076,1909f56bfc062723c751e8b465ee728b)  -> (artifact id: '29dacdecc3c70cc1465255999fe2c17b') in 0.018222 seconds
  Import took 0.026352 seconds .

========================================================================
Received Import Request.
  Time since last request: 204.007541 seconds.
  path: Assets/imagens/ui/cursor/cursor_normal.png
  artifactKey: Guid(b199d85b402264d42b455273dab22222) Importer(815301076,1909f56bfc062723c751e8b465ee728b)
Start importing Assets/imagens/ui/cursor/cursor_normal.png using Guid(b199d85b402264d42b455273dab22222) Importer(815301076,1909f56bfc062723c751e8b465ee728b)  -> (artifact id: '6b138881b1f626586a60cdcc3aca6f12') in 0.022952 seconds
  Import took 0.034546 seconds .

========================================================================
Received Prepare
Registering precompiled user dll's ...
Registered in 0.001945 seconds.
Begin MonoManager ReloadAssembly
Native extension for WindowsStandalone target not found
Refreshing native plugins compatible for Editor in 0.32 ms, found 0 plugins.
Preloading 0 native plugins for Editor in 0.00 ms.
Mono: successfully reloaded assembly
- Completed reload, in  1.346 seconds
Platform modules already initialized, skipping
Refreshing native plugins compatible for Editor in 0.48 ms, found 0 plugins.
Preloading 0 native plugins for Editor in 0.00 ms.
Unloading 1113 Unused Serialized files (Serialized files now loaded: 0)
System memory in use before: 69.2 MB.
System memory in use after: 69.2 MB.

Unloading 5 unused Assets to reduce memory usage. Loaded Objects now: 1598.
Total: 2.341100 ms (FindLiveObjects: 0.293400 ms CreateObjectMapping: 0.062000 ms MarkObjects: 1.906400 ms  DeleteObjects: 0.077900 ms)

========================================================================
Received Import Request.
  Time since last request: 101.266453 seconds.
  path: Assets/imagens/ui/cursor/cursor_normal_1.png
  artifactKey: Guid(bf0a5592cf3433845a9588e0e1fad8f4) Importer(815301076,1909f56bfc062723c751e8b465ee728b)
Start importing Assets/imagens/ui/cursor/cursor_normal_1.png using Guid(bf0a5592cf3433845a9588e0e1fad8f4) Importer(815301076,1909f56bfc062723c751e8b465ee728b)  -> (artifact id: '2fcf85aa5e34b89475f924583e57f4ba') in 0.057941 seconds
  Import took 0.074963 seconds .

========================================================================
Received Prepare
Registering precompiled user dll's ...
Registered in 0.001962 seconds.
Begin MonoManager ReloadAssembly
Native extension for WindowsStandalone target not found
Refreshing native plugins compatible for Editor in 0.31 ms, found 0 plugins.
Preloading 0 native plugins for Editor in 0.00 ms.
Mono: successfully reloaded assembly
- Completed reload, in  1.373 seconds
Platform modules already initialized, skipping
Refreshing native plugins compatible for Editor in 0.32 ms, found 0 plugins.
Preloading 0 native plugins for Editor in 0.00 ms.
Unloading 1113 Unused Serialized files (Serialized files now loaded: 0)
System memory in use before: 69.2 MB.
System memory in use after: 69.2 MB.

Unloading 5 unused Assets to reduce memory usage. Loaded Objects now: 1602.
Total: 2.169800 ms (FindLiveObjects: 0.255500 ms CreateObjectMapping: 0.063300 ms MarkObjects: 1.771900 ms  DeleteObjects: 0.077500 ms)

========================================================================
Received Import Request.
  Time since last request: 42.212655 seconds.
  path: Assets/imagens/ui/cursor/cursor_normal.png
  artifactKey: Guid(bf0a5592cf3433845a9588e0e1fad8f4) Importer(815301076,1909f56bfc062723c751e8b465ee728b)
Start importing Assets/imagens/ui/cursor/cursor_normal.png using Guid(bf0a5592cf3433845a9588e0e1fad8f4) Importer(815301076,1909f56bfc062723c751e8b465ee728b)  -> (artifact id: '6c9ff49ffa357df5473695f33e473950') in 0.052565 seconds
  Import took 0.055604 seconds .

========================================================================
Received Prepare
Registering precompiled user dll's ...
Registered in 0.001719 seconds.
Begin MonoManager ReloadAssembly
Native extension for WindowsStandalone target not found
Refreshing native plugins compatible for Editor in 0.32 ms, found 0 plugins.
Preloading 0 native plugins for Editor in 0.00 ms.
Mono: successfully reloaded assembly
- Completed reload, in  1.421 seconds
Platform modules already initialized, skipping
Refreshing native plugins compatible for Editor in 0.35 ms, found 0 plugins.
Preloading 0 native plugins for Editor in 0.00 ms.
Unloading 1114 Unused Serialized files (Serialized files now loaded: 0)
System memory in use before: 69.2 MB.
System memory in use after: 69.3 MB.

Unloading 5 unused Assets to reduce memory usage. Loaded Objects now: 1606.
Total: 2.262300 ms (FindLiveObjects: 0.239500 ms CreateObjectMapping: 0.065400 ms MarkObjects: 1.859600 ms  DeleteObjects: 0.096300 ms)

========================================================================
Received Prepare
Registering precompiled user dll's ...
Registered in 0.002126 seconds.
Begin MonoManager ReloadAssembly
Native extension for WindowsStandalone target not found
Refreshing native plugins compatible for Editor in 0.33 ms, found 0 plugins.
Preloading 0 native plugins for Editor in 0.00 ms.
Mono: successfully reloaded assembly
- Completed reload, in  1.527 seconds
Platform modules already initialized, skipping
Refreshing native plugins compatible for Editor in 0.31 ms, found 0 plugins.
Preloading 0 native plugins for Editor in 0.00 ms.
Unloading 1114 Unused Serialized files (Serialized files now loaded: 0)
System memory in use before: 69.2 MB.
System memory in use after: 69.3 MB.

Unloading 5 unused Assets to reduce memory usage. Loaded Objects now: 1609.
Total: 2.234800 ms (FindLiveObjects: 0.248600 ms CreateObjectMapping: 0.064100 ms MarkObjects: 1.836800 ms  DeleteObjects: 0.084000 ms)

========================================================================
Received Prepare
Registering precompiled user dll's ...
Registered in 0.001564 seconds.
Begin MonoManager ReloadAssembly
Native extension for WindowsStandalone target not found
Refreshing native plugins compatible for Editor in 0.32 ms, found 0 plugins.
Preloading 0 native plugins for Editor in 0.00 ms.
Mono: successfully reloaded assembly
- Completed reload, in  1.444 seconds
Platform modules already initialized, skipping
Refreshing native plugins compatible for Editor in 0.34 ms, found 0 plugins.
Preloading 0 native plugins for Editor in 0.00 ms.
Unloading 1114 Unused Serialized files (Serialized files now loaded: 0)
System memory in use before: 69.2 MB.
System memory in use after: 69.3 MB.

Unloading 5 unused Assets to reduce memory usage. Loaded Objects now: 1612.
Total: 2.363200 ms (FindLiveObjects: 0.357700 ms CreateObjectMapping: 0.062500 ms MarkObjects: 1.858900 ms  DeleteObjects: 0.082800 ms)

AssetImportWorkerClient::OnTransportError - code=2 error=End of file
